[debug] [2022-12-15T16:32:05.365Z] ----------------------------------------------------------------------
[debug] [2022-12-15T16:32:05.369Z] Command:       /usr/local/bin/firebase /Users/pholithantula/.cache/firebase/tools/lib/node_modules/firebase-tools/lib/bin/firebase init
[debug] [2022-12-15T16:32:05.370Z] CLI Version:   11.18.0
[debug] [2022-12-15T16:32:05.370Z] Platform:      darwin
[debug] [2022-12-15T16:32:05.370Z] Node Version:  v16.16.0
[debug] [2022-12-15T16:32:05.372Z] Time:          Thu Dec 15 2022 17:32:05 GMT+0100 (GMT+01:00)
[debug] [2022-12-15T16:32:05.372Z] ----------------------------------------------------------------------
[debug] 
[debug] [2022-12-15T16:32:05.381Z] > command requires scopes: ["email","openid","https://www.googleapis.com/auth/cloudplatformprojects.readonly","https://www.googleapis.com/auth/firebase","https://www.googleapis.com/auth/cloud-platform"]
[debug] [2022-12-15T16:32:05.381Z] > authorizing via signed-in user (pholit95@gmail.com)
[info] 
     ######## #### ########  ######## ########     ###     ######  ########
     ##        ##  ##     ## ##       ##     ##  ##   ##  ##       ##
     ######    ##  ########  ######   ########  #########  ######  ######
     ##        ##  ##    ##  ##       ##     ## ##     ##       ## ##
     ##       #### ##     ## ######## ########  ##     ##  ######  ########

You're about to initialize a Firebase project in this directory:

  /Users/pholithantula/Bouvetoppgave/Bouvet-Oppgave/react-chat

[info] 
=== Project Setup
[info] 
[info] First, let's associate this project directory with a Firebase project.
[info] You can create multiple project aliases by running firebase use --add, 
[info] but for now we'll just set up a default project.
[info] 
[debug] [2022-12-15T16:32:56.185Z] >>> [apiv2][query] GET https://firebase.googleapis.com/v1beta1/projects pageSize=100
[debug] [2022-12-15T16:32:56.848Z] <<< [apiv2][status] GET https://firebase.googleapis.com/v1beta1/projects 200
[debug] [2022-12-15T16:32:56.848Z] <<< [apiv2][body] GET https://firebase.googleapis.com/v1beta1/projects [omitted]
[info] i  Using project chat-17c89 (Chat) 
[info] 
=== Hosting Setup
[info] 
[info] Your public directory is the folder (relative to your project directory) that
[info] will contain Hosting assets to be uploaded with firebase deploy. If you
[info] have a build process for your assets, use your build's output directory.
[info] 
[info] i  Skipping write of public/404.html 
[debug] [2022-12-15T16:33:46.863Z] >>> [apiv2][query] GET https://www.gstatic.com/firebasejs/releases.json [none]
[debug] [2022-12-15T16:33:46.955Z] <<< [apiv2][status] GET https://www.gstatic.com/firebasejs/releases.json 200
[debug] [2022-12-15T16:33:46.955Z] <<< [apiv2][body] GET https://www.gstatic.com/firebasejs/releases.json {"current":{"version":"9.15.0","browserURL":"https://www.gstatic.com/firebasejs/9.15.0/firebase.js","packageURL":"https://www.gstatic.com/firebasejs/9.15.0/firebase.tgz"},"live":{"version":"9.15","browserURL":"https://www.gstatic.com/firebasejs/live/9.15/firebase.js","packageURL":"https://www.gstatic.com/firebasejs/live/9.15/firebase.tgz"},"components":{"analytics":"https://www.gstatic.com/firebasejs/9.15.0/firebase-analytics.js","app":"https://www.gstatic.com/firebasejs/9.15.0/firebase-app.js","app-check":"https://www.gstatic.com/firebasejs/9.15.0/firebase-app-check.js","auth":"https://www.gstatic.com/firebasejs/9.15.0/firebase-auth.js","auth/cordova":"https://www.gstatic.com/firebasejs/9.15.0/firebase-auth/cordova.js","auth/react-native":"https://www.gstatic.com/firebasejs/9.15.0/firebase-auth/react-native.js","functions":"https://www.gstatic.com/firebasejs/9.15.0/firebase-functions.js","firestore":"https://www.gstatic.com/firebasejs/9.15.0/firebase-firestore.js","firestore/lite":"https://www.gstatic.com/firebasejs/9.15.0/firebase-firestore/lite.js","installations":"https://www.gstatic.com/firebasejs/9.15.0/firebase-installations.js","storage":"https://www.gstatic.com/firebasejs/9.15.0/firebase-storage.js","performance":"https://www.gstatic.com/firebasejs/9.15.0/firebase-performance.js","remote-config":"https://www.gstatic.com/firebasejs/9.15.0/firebase-remote-config.js","messaging":"https://www.gstatic.com/firebasejs/9.15.0/firebase-messaging.js","messaging/sw":"https://www.gstatic.com/firebasejs/9.15.0/firebase-messaging/sw.js","database":"https://www.gstatic.com/firebasejs/9.15.0/firebase-database.js","firestore.memory":"https://www.gstatic.com/firebasejs/9.15.0/firebase-firestore.memory.js"}}
[info] i  Skipping write of public/index.html 
[info] 
[info] i  Detected a .git folder at /Users/pholithantula/Bouvetoppgave/Bouvet-Oppgave 
[info] i  Authorizing with GitHub to upload your service account to a GitHub repository's secrets store. 
[info] 
[info] Visit this URL on this device to log in:
[info] https://github.com/login/oauth/authorize?client_id=89cf50f02ac6aaed3484&state=637165240&redirect_uri=http%3A%2F%2Flocalhost%3A9005&scope=read%3Auser%20repo%20public_repo
[info] 
[info] Waiting for authentication...
[debug] [2022-12-15T16:34:24.847Z] >>> [apiv2][query] POST https://github.com/login/oauth/access_token [none]
[debug] [2022-12-15T16:34:24.847Z] >>> [apiv2][body] POST https://github.com/login/oauth/access_token [stream]
[debug] [2022-12-15T16:34:25.146Z] <<< [apiv2][status] POST https://github.com/login/oauth/access_token 200
[debug] [2022-12-15T16:34:25.147Z] <<< [apiv2][body] POST https://github.com/login/oauth/access_token {"access_token":"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","token_type":"bearer","scope":"read:user,repo"}
[debug] [2022-12-15T16:34:25.158Z] >>> [apiv2][query] GET https://api.github.com/user [none]
[debug] [2022-12-15T16:34:25.494Z] <<< [apiv2][status] GET https://api.github.com/user 200
[debug] [2022-12-15T16:34:25.494Z] <<< [apiv2][body] GET https://api.github.com/user {"login":"pholitfhbergan","id":69850575,"node_id":"MDQ6VXNlcjY5ODUwNTc1","avatar_url":"https://avatars.githubusercontent.com/u/69850575?v=4","gravatar_id":"","url":"https://api.github.com/users/pholitfhbergan","html_url":"https://github.com/pholitfhbergan","followers_url":"https://api.github.com/users/pholitfhbergan/followers","following_url":"https://api.github.com/users/pholitfhbergan/following{/other_user}","gists_url":"https://api.github.com/users/pholitfhbergan/gists{/gist_id}","starred_url":"https://api.github.com/users/pholitfhbergan/starred{/owner}{/repo}","subscriptions_url":"https://api.github.com/users/pholitfhbergan/subscriptions","organizations_url":"https://api.github.com/users/pholitfhbergan/orgs","repos_url":"https://api.github.com/users/pholitfhbergan/repos","events_url":"https://api.github.com/users/pholitfhbergan/events{/privacy}","received_events_url":"https://api.github.com/users/pholitfhbergan/received_events","type":"User","site_admin":false,"name":null,"company":null,"blog":"","location":null,"email":null,"hireable":null,"bio":null,"twitter_username":null,"public_repos":0,"public_gists":0,"followers":1,"following":0,"created_at":"2020-08-18T11:34:39Z","updated_at":"2022-11-27T19:58:28Z","private_gists":0,"total_private_repos":5,"owned_private_repos":4,"disk_usage":35491,"collaborators":3,"two_factor_authentication":false,"plan":{"name":"free","space":976562499,"collaborators":0,"private_repos":10000}}
[info] 
[info] ✔  Success! Logged into GitHub as pholitfhbergan 
[info] 
